\BOOKMARK [1][-]{section.1}{\376\377\226\037\225\177\116\016\226\217\226\037}{}% 1
\BOOKMARK [2][-]{subsection.1.1}{\376\377\116\300\116\110\146\057\116\000\116\052\131\175\166\204\142\311\176\303\377\037}{section.1}% 2
\BOOKMARK [2][-]{subsection.1.2}{\376\377\226\037\225\177\166\204\133\232\117\115}{section.1}% 3
\BOOKMARK [3][-]{subsubsection.1.2.1}{\376\377\133\371\131\026\137\142\214\141}{subsection.1.2}% 4
\BOOKMARK [3][-]{subsubsection.1.2.2}{\376\377\127\372\147\054\211\201\154\102}{subsection.1.2}% 5
\BOOKMARK [2][-]{subsection.1.3}{\376\377\226\037\225\177\166\204\200\114\215\043}{section.1}% 6
\BOOKMARK [3][-]{subsubsection.1.3.1}{\376\377\142\212\143\247\131\047\134\100}{subsection.1.3}% 7
\BOOKMARK [3][-]{subsubsection.1.3.2}{\376\377\127\371\121\173\122\115\172\331}{subsection.1.3}% 8
\BOOKMARK [3][-]{subsubsection.1.3.3}{\376\377\116\373\122\241\122\006\155\101}{subsection.1.3}% 9
\BOOKMARK [3][-]{subsubsection.1.3.4}{\376\377\116\045\146\016\176\252\137\213\377\014\176\364\143\001\171\351\136\217}{subsection.1.3}% 10
\BOOKMARK [2][-]{subsection.1.4}{\376\377\226\217\226\037\164\006\116\213}{section.1}% 11
\BOOKMARK [1][-]{section.2}{\376\377\122\115\147\037\121\306\131\007}{}% 12
\BOOKMARK [2][-]{subsection.2.1}{\376\377\215\357\116\146}{section.2}% 13
\BOOKMARK [2][-]{subsection.2.2}{\376\377\142\245\131\007}{section.2}% 14
\BOOKMARK [3][-]{subsubsection.2.2.1}{\376\377\145\366\225\364}{subsection.2.2}% 15
\BOOKMARK [3][-]{subsubsection.2.2.2}{\376\377\130\153\121\231\142\245\131\007\210\150}{subsection.2.2}% 16
\BOOKMARK [3][-]{subsubsection.2.2.3}{\376\377\215\037\215\043\116\272\141\017\211\301}{subsection.2.2}% 17
\BOOKMARK [3][-]{subsubsection.2.2.4}{\376\377\143\007\133\374\200\001\136\010\141\017\211\301}{subsection.2.2}% 18
\BOOKMARK [3][-]{subsubsection.2.2.5}{\376\377\143\007\133\374\123\125\117\115\141\017\211\301\060\001\126\342\131\324\141\017\211\301}{subsection.2.2}% 19
\BOOKMARK [3][-]{subsubsection.2.2.6}{\376\377\116\052\116\272\215\043\116\373\116\146}{subsection.2.2}% 20
\BOOKMARK [3][-]{subsubsection.2.2.7}{\376\377\155\073\122\250\140\073\176\323}{subsection.2.2}% 21
\BOOKMARK [2][-]{subsection.2.3}{\376\377\137\200\136\164\176\317\232\214}{section.2}% 22
\BOOKMARK [3][-]{subsubsection.2.3.1}{\376\377\200\114\122\241\127\371\213\255}{subsection.2.3}% 23
\BOOKMARK [3][-]{subsubsection.2.3.2}{\376\377\226\005\213\373\137\200\136\164\140\073\176\323\136\026}{subsection.2.3}% 24
\BOOKMARK [3][-]{subsubsection.2.3.3}{\376\377\124\214\137\200\136\164\226\037\225\177\227\142\214\010}{subsection.2.3}% 25
\BOOKMARK [3][-]{subsubsection.2.3.4}{\376\377\145\207\116\146\174\173\135\345\117\134}{subsection.2.3}% 26
\BOOKMARK [1][-]{section.3}{\376\377\145\366\225\364\176\277}{}% 27
\BOOKMARK [1][-]{section.4}{\376\377\200\114\122\241\116\272\124\130\133\211\143\222\116\016\127\371\213\255}{}% 28
\BOOKMARK [2][-]{subsection.4.1}{\376\377\122\115\172\331\200\114\122\241\116\272\124\130}{section.4}% 29
\BOOKMARK [3][-]{subsubsection.4.1.1}{\376\377\116\272\124\130\147\204\142\020}{subsection.4.1}% 30
\BOOKMARK [3][-]{subsubsection.4.1.2}{\376\377\122\115\172\331\142\245\124\015\136\026\166\204\154\350\141\017\116\213\230\171}{subsection.4.1}% 31
\BOOKMARK [3][-]{subsubsection.4.1.3}{\376\377\124\214\200\114\122\241\116\272\124\130\166\204\227\142\214\010}{subsection.4.1}% 32
\BOOKMARK [3][-]{subsubsection.4.1.4}{\376\377\200\114\122\241\116\272\124\130\133\211\143\222\166\204\123\237\122\031}{subsection.4.1}% 33
\BOOKMARK [3][-]{subsubsection.4.1.5}{\376\377\221\315\160\271\200\114\122\241\116\272\124\130\127\371\213\255\116\016\232\214\145\066}{subsection.4.1}% 34
\BOOKMARK [2][-]{subsection.4.2}{\376\377\153\143\137\017\142\311\176\303\200\114\122\241\116\272\124\130}{section.4}% 35
\BOOKMARK [3][-]{subsubsection.4.2.1}{\376\377\130\236\213\276\166\204\200\114\122\241\116\272\124\130}{subsection.4.2}% 36
\BOOKMARK [3][-]{subsubsection.4.2.2}{\376\377\200\114\122\241\116\272\124\130\133\211\143\222\124\214\127\371\213\255\166\204\154\350\141\017\116\213\230\171}{subsection.4.2}% 37
\BOOKMARK [2][-]{subsection.4.3}{\376\377\121\166\116\326}{section.4}% 38
\BOOKMARK [1][-]{section.5}{\376\377\137\256\117\341\177\244\166\204\173\241\164\006}{}% 39
\BOOKMARK [2][-]{subsection.5.1}{\376\377\155\210\140\157\122\006\176\247}{section.5}% 40
\BOOKMARK [2][-]{subsection.5.2}{\376\377\121\166\116\326}{section.5}% 41
\BOOKMARK [1][-]{section.6}{\376\377\121\372\144\112\060\001\150\300\217\146\124\214\121\306\131\007\117\032}{}% 42
\BOOKMARK [2][-]{subsection.6.1}{\376\377\121\372\144\112\060\001\150\300\217\146}{section.6}% 43
\BOOKMARK [2][-]{subsection.6.2}{\376\377\121\306\131\007\117\032}{section.6}% 44
\BOOKMARK [1][-]{section.7}{\376\377\122\115\172\331\124\214\153\143\137\017\142\311\176\303}{}% 45
\BOOKMARK [2][-]{subsection.7.1}{\376\377\122\115\172\331\142\311\176\303}{section.7}% 46
\BOOKMARK [3][-]{subsubsection.7.1.1}{\376\377\215\167\136\212\226\306\124\010}{subsection.7.1}% 47
\BOOKMARK [3][-]{subsubsection.7.1.2}{\376\377\121\372\123\321\122\115}{subsection.7.1}% 48
\BOOKMARK [3][-]{subsubsection.7.1.3}{\376\377\142\311\176\303\116\055}{subsection.7.1}% 49
\BOOKMARK [3][-]{subsubsection.7.1.4}{\376\377\126\342\226\037\136\372\213\276}{subsection.7.1}% 50
\BOOKMARK [3][-]{subsubsection.7.1.5}{\376\377\211\343\145\143\122\115}{subsection.7.1}% 51
\BOOKMARK [3][-]{subsubsection.7.1.6}{\376\377\211\343\145\143\124\016}{subsection.7.1}% 52
\BOOKMARK [2][-]{subsection.7.2}{\376\377\153\143\137\017\142\311\176\303}{section.7}% 53
\BOOKMARK [3][-]{subsubsection.7.2.1}{\376\377\142\212\143\247\226\037\117\015\202\202\131\117}{subsection.7.2}% 54
\BOOKMARK [3][-]{subsubsection.7.2.2}{\376\377\121\110\220\143\226\037\124\214\122\115\172\331}{subsection.7.2}% 55
\BOOKMARK [3][-]{subsubsection.7.2.3}{\376\377\217\375\171\273\226\037}{subsection.7.2}% 56
\BOOKMARK [3][-]{subsubsection.7.2.4}{\376\377\121\166\116\326\176\306\202\202\225\356\230\230}{subsection.7.2}% 57
\BOOKMARK [1][-]{section.8}{\376\377\141\017\131\026\140\305\121\265\166\204\131\004\164\006}{}% 58
\BOOKMARK [2][-]{subsection.8.1}{\376\377\127\372\147\054\123\237\122\031\116\016\230\204\150\110}{section.8}% 59
\BOOKMARK [2][-]{subsection.8.2}{\376\377\124\016\145\327\204\075\124\016\217\307\217\334\166\204\131\004\164\006}{section.8}% 60
\BOOKMARK [2][-]{subsection.8.3}{\376\377\140\166\122\243\131\051\154\024\140\305\121\265\116\013\166\204\131\004\164\006}{section.8}% 61
\BOOKMARK [3][-]{subsubsection.8.3.1}{\376\377\226\350\226\352\124\214\154\141\147\323\131\051\154\024}{subsection.8.3}% 62
\BOOKMARK [3][-]{subsubsection.8.3.2}{\376\377\232\330\156\051\131\051\154\024}{subsection.8.3}% 63
\BOOKMARK [2][-]{subsection.8.4}{\376\377\116\272\124\130\116\016\217\146\217\206\225\356\230\230\166\204\131\004\164\006}{section.8}% 64
\BOOKMARK [2][-]{subsection.8.5}{\376\377\116\244\220\032\116\213\145\105\166\204\131\004\164\006}{section.8}% 65
\BOOKMARK [3][-]{subsubsection.8.5.1}{\376\377\127\372\147\054\123\237\122\031}{subsection.8.5}% 66
\BOOKMARK [3][-]{subsubsection.8.5.2}{\376\377\146\016\170\156\215\043\116\373\124\214\116\073\137\040}{subsection.8.5}% 67
\BOOKMARK [2][-]{subsection.8.6}{\376\377\116\045\221\315\117\044\116\272\116\213\145\105\166\204\131\004\164\006}{section.8}% 68
